{"D:\\documentos\\Desktop\\Román\\Proyectos\\repos-github\\ia-programadores-tp-final-2\\app-de-gestion-de-mascotas\\backend\\src\\controllers\\authController.js": {"path":"D:\\documentos\\Desktop\\Román\\Proyectos\\repos-github\\ia-programadores-tp-final-2\\app-de-gestion-de-mascotas\\backend\\src\\controllers\\authController.js","statementMap":{"0":{"start":{"line":8,"column":15},"end":{"line":8,"column":32}},"1":{"start":{"line":9,"column":11},"end":{"line":9,"column":27}},"2":{"start":{"line":10,"column":12},"end":{"line":10,"column":35}},"3":{"start":{"line":15,"column":25},"end":{"line":38,"column":1}},"4":{"start":{"line":17,"column":35},"end":{"line":17,"column":43}},"5":{"start":{"line":19,"column":4},"end":{"line":37,"column":5}},"6":{"start":{"line":22,"column":31},"end":{"line":22,"column":62}},"7":{"start":{"line":26,"column":8},"end":{"line":29,"column":10}},"8":{"start":{"line":32,"column":8},"end":{"line":32,"column":89}},"9":{"start":{"line":34,"column":8},"end":{"line":34,"column":29}},"10":{"start":{"line":36,"column":8},"end":{"line":36,"column":100}},"11":{"start":{"line":43,"column":21},"end":{"line":79,"column":1}},"12":{"start":{"line":44,"column":35},"end":{"line":44,"column":43}},"13":{"start":{"line":46,"column":4},"end":{"line":78,"column":5}},"14":{"start":{"line":48,"column":23},"end":{"line":48,"column":94}},"15":{"start":{"line":50,"column":8},"end":{"line":52,"column":9}},"16":{"start":{"line":51,"column":12},"end":{"line":51,"column":105}},"17":{"start":{"line":54,"column":24},"end":{"line":54,"column":31}},"18":{"start":{"line":57,"column":22},"end":{"line":57,"column":70}},"19":{"start":{"line":59,"column":8},"end":{"line":74,"column":9}},"20":{"start":{"line":61,"column":26},"end":{"line":65,"column":13}},"21":{"start":{"line":67,"column":12},"end":{"line":71,"column":15}},"22":{"start":{"line":73,"column":12},"end":{"line":73,"column":98}},"23":{"start":{"line":76,"column":8},"end":{"line":76,"column":29}},"24":{"start":{"line":77,"column":8},"end":{"line":77,"column":88}},"25":{"start":{"line":85,"column":25},"end":{"line":98,"column":1}},"26":{"start":{"line":87,"column":25},"end":{"line":87,"column":34}},"27":{"start":{"line":89,"column":4},"end":{"line":97,"column":5}},"28":{"start":{"line":90,"column":23},"end":{"line":90,"column":95}},"29":{"start":{"line":93,"column":8},"end":{"line":93,"column":46}},"30":{"start":{"line":95,"column":8},"end":{"line":95,"column":62}},"31":{"start":{"line":96,"column":8},"end":{"line":96,"column":70}},"32":{"start":{"line":103,"column":22},"end":{"line":107,"column":1}},"33":{"start":{"line":106,"column":4},"end":{"line":106,"column":59}},"34":{"start":{"line":110,"column":0},"end":{"line":115,"column":2}}},"fnMap":{"0":{"name":"(anonymous_0)","decl":{"start":{"line":15,"column":25},"end":{"line":15,"column":26}},"loc":{"start":{"line":15,"column":45},"end":{"line":38,"column":1}},"line":15},"1":{"name":"(anonymous_1)","decl":{"start":{"line":43,"column":21},"end":{"line":43,"column":22}},"loc":{"start":{"line":43,"column":41},"end":{"line":79,"column":1}},"line":43},"2":{"name":"(anonymous_2)","decl":{"start":{"line":85,"column":25},"end":{"line":85,"column":26}},"loc":{"start":{"line":85,"column":45},"end":{"line":98,"column":1}},"line":85},"3":{"name":"(anonymous_3)","decl":{"start":{"line":103,"column":22},"end":{"line":103,"column":23}},"loc":{"start":{"line":103,"column":42},"end":{"line":107,"column":1}},"line":103}},"branchMap":{"0":{"loc":{"start":{"line":50,"column":8},"end":{"line":52,"column":9}},"type":"if","locations":[{"start":{"line":50,"column":8},"end":{"line":52,"column":9}},{"start":{},"end":{}}],"line":50},"1":{"loc":{"start":{"line":59,"column":8},"end":{"line":74,"column":9}},"type":"if","locations":[{"start":{"line":59,"column":8},"end":{"line":74,"column":9}},{"start":{"line":72,"column":15},"end":{"line":74,"column":9}}],"line":59},"2":{"loc":{"start":{"line":63,"column":16},"end":{"line":63,"column":54}},"type":"binary-expr","locations":[{"start":{"line":63,"column":16},"end":{"line":63,"column":38}},{"start":{"line":63,"column":42},"end":{"line":63,"column":54}}],"line":63}},"s":{"0":0,"1":0,"2":0,"3":0,"4":0,"5":0,"6":0,"7":0,"8":0,"9":0,"10":0,"11":0,"12":0,"13":0,"14":0,"15":0,"16":0,"17":0,"18":0,"19":0,"20":0,"21":0,"22":0,"23":0,"24":0,"25":0,"26":0,"27":0,"28":0,"29":0,"30":0,"31":0,"32":0,"33":0,"34":0},"f":{"0":0,"1":0,"2":0,"3":0},"b":{"0":[0,0],"1":[0,0],"2":[0,0]}}
,"D:\\documentos\\Desktop\\Román\\Proyectos\\repos-github\\ia-programadores-tp-final-2\\app-de-gestion-de-mascotas\\backend\\src\\controllers\\eventosController.js": {"path":"D:\\documentos\\Desktop\\Román\\Proyectos\\repos-github\\ia-programadores-tp-final-2\\app-de-gestion-de-mascotas\\backend\\src\\controllers\\eventosController.js","statementMap":{"0":{"start":{"line":9,"column":11},"end":{"line":9,"column":27}},"1":{"start":{"line":11,"column":0},"end":{"line":41,"column":2}},"2":{"start":{"line":12,"column":59},"end":{"line":12,"column":67}},"3":{"start":{"line":14,"column":4},"end":{"line":40,"column":5}},"4":{"start":{"line":16,"column":30},"end":{"line":19,"column":9}},"5":{"start":{"line":21,"column":8},"end":{"line":23,"column":9}},"6":{"start":{"line":22,"column":12},"end":{"line":22,"column":94}},"7":{"start":{"line":26,"column":25},"end":{"line":30,"column":9}},"8":{"start":{"line":32,"column":8},"end":{"line":36,"column":11}},"9":{"start":{"line":38,"column":8},"end":{"line":38,"column":55}},"10":{"start":{"line":39,"column":8},"end":{"line":39,"column":67}},"11":{"start":{"line":43,"column":0},"end":{"line":70,"column":2}},"12":{"start":{"line":44,"column":19},"end":{"line":44,"column":29}},"13":{"start":{"line":45,"column":45},"end":{"line":45,"column":53}},"14":{"start":{"line":47,"column":4},"end":{"line":69,"column":5}},"15":{"start":{"line":49,"column":28},"end":{"line":54,"column":9}},"16":{"start":{"line":56,"column":8},"end":{"line":58,"column":9}},"17":{"start":{"line":57,"column":12},"end":{"line":57,"column":91}},"18":{"start":{"line":60,"column":8},"end":{"line":63,"column":10}},"19":{"start":{"line":65,"column":8},"end":{"line":65,"column":80}},"20":{"start":{"line":67,"column":8},"end":{"line":67,"column":60}},"21":{"start":{"line":68,"column":8},"end":{"line":68,"column":70}},"22":{"start":{"line":72,"column":0},"end":{"line":95,"column":2}},"23":{"start":{"line":73,"column":19},"end":{"line":73,"column":29}},"24":{"start":{"line":75,"column":4},"end":{"line":94,"column":5}},"25":{"start":{"line":77,"column":28},"end":{"line":82,"column":9}},"26":{"start":{"line":84,"column":8},"end":{"line":86,"column":9}},"27":{"start":{"line":85,"column":12},"end":{"line":85,"column":91}},"28":{"start":{"line":88,"column":8},"end":{"line":88,"column":74}},"29":{"start":{"line":90,"column":8},"end":{"line":90,"column":78}},"30":{"start":{"line":92,"column":8},"end":{"line":92,"column":58}},"31":{"start":{"line":93,"column":8},"end":{"line":93,"column":68}}},"fnMap":{"0":{"name":"(anonymous_0)","decl":{"start":{"line":11,"column":17},"end":{"line":11,"column":18}},"loc":{"start":{"line":11,"column":37},"end":{"line":41,"column":1}},"line":11},"1":{"name":"(anonymous_1)","decl":{"start":{"line":43,"column":17},"end":{"line":43,"column":18}},"loc":{"start":{"line":43,"column":37},"end":{"line":70,"column":1}},"line":43},"2":{"name":"(anonymous_2)","decl":{"start":{"line":72,"column":17},"end":{"line":72,"column":18}},"loc":{"start":{"line":72,"column":37},"end":{"line":95,"column":1}},"line":72}},"branchMap":{"0":{"loc":{"start":{"line":21,"column":8},"end":{"line":23,"column":9}},"type":"if","locations":[{"start":{"line":21,"column":8},"end":{"line":23,"column":9}},{"start":{},"end":{}}],"line":21},"1":{"loc":{"start":{"line":56,"column":8},"end":{"line":58,"column":9}},"type":"if","locations":[{"start":{"line":56,"column":8},"end":{"line":58,"column":9}},{"start":{},"end":{}}],"line":56},"2":{"loc":{"start":{"line":84,"column":8},"end":{"line":86,"column":9}},"type":"if","locations":[{"start":{"line":84,"column":8},"end":{"line":86,"column":9}},{"start":{},"end":{}}],"line":84}},"s":{"0":1,"1":1,"2":0,"3":0,"4":0,"5":0,"6":0,"7":0,"8":0,"9":0,"10":0,"11":1,"12":0,"13":0,"14":0,"15":0,"16":0,"17":0,"18":0,"19":0,"20":0,"21":0,"22":1,"23":0,"24":0,"25":0,"26":0,"27":0,"28":0,"29":0,"30":0,"31":0},"f":{"0":0,"1":0,"2":0},"b":{"0":[0,0],"1":[0,0],"2":[0,0]},"_coverageSchema":"1a1c01bbd47fc00a2c39e90264f33305004495a9","hash":"7684fa3c8c62caec355bc034541109a02286699a"}
,"D:\\documentos\\Desktop\\Román\\Proyectos\\repos-github\\ia-programadores-tp-final-2\\app-de-gestion-de-mascotas\\backend\\src\\controllers\\historialController.js": {"path":"D:\\documentos\\Desktop\\Román\\Proyectos\\repos-github\\ia-programadores-tp-final-2\\app-de-gestion-de-mascotas\\backend\\src\\controllers\\historialController.js","statementMap":{"0":{"start":{"line":8,"column":11},"end":{"line":8,"column":27}},"1":{"start":{"line":10,"column":0},"end":{"line":27,"column":2}},"2":{"start":{"line":11,"column":4},"end":{"line":26,"column":5}},"3":{"start":{"line":14,"column":20},"end":{"line":20,"column":9}},"4":{"start":{"line":21,"column":23},"end":{"line":21,"column":56}},"5":{"start":{"line":22,"column":8},"end":{"line":22,"column":23}},"6":{"start":{"line":24,"column":8},"end":{"line":24,"column":60}},"7":{"start":{"line":25,"column":8},"end":{"line":25,"column":70}},"8":{"start":{"line":29,"column":0},"end":{"line":47,"column":2}},"9":{"start":{"line":30,"column":76},"end":{"line":30,"column":84}},"10":{"start":{"line":31,"column":4},"end":{"line":46,"column":5}},"11":{"start":{"line":33,"column":26},"end":{"line":33,"column":125}},"12":{"start":{"line":34,"column":8},"end":{"line":36,"column":9}},"13":{"start":{"line":35,"column":12},"end":{"line":35,"column":92}},"14":{"start":{"line":38,"column":8},"end":{"line":41,"column":10}},"15":{"start":{"line":42,"column":8},"end":{"line":42,"column":86}},"16":{"start":{"line":44,"column":8},"end":{"line":44,"column":69}},"17":{"start":{"line":45,"column":8},"end":{"line":45,"column":76}}},"fnMap":{"0":{"name":"(anonymous_0)","decl":{"start":{"line":10,"column":17},"end":{"line":10,"column":18}},"loc":{"start":{"line":10,"column":37},"end":{"line":27,"column":1}},"line":10},"1":{"name":"(anonymous_1)","decl":{"start":{"line":29,"column":17},"end":{"line":29,"column":18}},"loc":{"start":{"line":29,"column":37},"end":{"line":47,"column":1}},"line":29}},"branchMap":{"0":{"loc":{"start":{"line":34,"column":8},"end":{"line":36,"column":9}},"type":"if","locations":[{"start":{"line":34,"column":8},"end":{"line":36,"column":9}},{"start":{},"end":{}}],"line":34}},"s":{"0":1,"1":1,"2":0,"3":0,"4":0,"5":0,"6":0,"7":0,"8":1,"9":0,"10":0,"11":0,"12":0,"13":0,"14":0,"15":0,"16":0,"17":0},"f":{"0":0,"1":0},"b":{"0":[0,0]},"_coverageSchema":"1a1c01bbd47fc00a2c39e90264f33305004495a9","hash":"745fb75ae8d0e765a425502100b9309198d49092"}
,"D:\\documentos\\Desktop\\Román\\Proyectos\\repos-github\\ia-programadores-tp-final-2\\app-de-gestion-de-mascotas\\backend\\src\\controllers\\historialesController.js": {"path":"D:\\documentos\\Desktop\\Román\\Proyectos\\repos-github\\ia-programadores-tp-final-2\\app-de-gestion-de-mascotas\\backend\\src\\controllers\\historialesController.js","statementMap":{"0":{"start":{"line":9,"column":11},"end":{"line":9,"column":27}},"1":{"start":{"line":11,"column":0},"end":{"line":46,"column":2}},"2":{"start":{"line":12,"column":4},"end":{"line":45,"column":5}},"3":{"start":{"line":14,"column":20},"end":{"line":26,"column":9}},"4":{"start":{"line":27,"column":30},"end":{"line":27,"column":63}},"5":{"start":{"line":30,"column":8},"end":{"line":39,"column":9}},"6":{"start":{"line":31,"column":30},"end":{"line":37,"column":13}},"7":{"start":{"line":38,"column":12},"end":{"line":38,"column":40}},"8":{"start":{"line":41,"column":8},"end":{"line":41,"column":30}},"9":{"start":{"line":43,"column":8},"end":{"line":43,"column":62}},"10":{"start":{"line":44,"column":8},"end":{"line":44,"column":72}},"11":{"start":{"line":48,"column":0},"end":{"line":73,"column":2}},"12":{"start":{"line":49,"column":4},"end":{"line":72,"column":5}},"13":{"start":{"line":50,"column":30},"end":{"line":50,"column":40}},"14":{"start":{"line":53,"column":26},"end":{"line":56,"column":9}},"15":{"start":{"line":58,"column":8},"end":{"line":60,"column":9}},"16":{"start":{"line":59,"column":12},"end":{"line":59,"column":92}},"17":{"start":{"line":63,"column":30},"end":{"line":66,"column":9}},"18":{"start":{"line":68,"column":8},"end":{"line":68,"column":57}},"19":{"start":{"line":70,"column":8},"end":{"line":70,"column":62}},"20":{"start":{"line":71,"column":8},"end":{"line":71,"column":72}},"21":{"start":{"line":75,"column":0},"end":{"line":137,"column":2}},"22":{"start":{"line":76,"column":56},"end":{"line":76,"column":64}},"23":{"start":{"line":78,"column":4},"end":{"line":136,"column":5}},"24":{"start":{"line":80,"column":26},"end":{"line":83,"column":9}},"25":{"start":{"line":85,"column":8},"end":{"line":87,"column":9}},"26":{"start":{"line":86,"column":12},"end":{"line":86,"column":92}},"27":{"start":{"line":90,"column":34},"end":{"line":93,"column":9}},"28":{"start":{"line":95,"column":8},"end":{"line":97,"column":9}},"29":{"start":{"line":96,"column":12},"end":{"line":96,"column":97}},"30":{"start":{"line":100,"column":27},"end":{"line":100,"column":51}},"31":{"start":{"line":101,"column":8},"end":{"line":101,"column":44}},"32":{"start":{"line":103,"column":8},"end":{"line":132,"column":9}},"33":{"start":{"line":105,"column":36},"end":{"line":109,"column":13}},"34":{"start":{"line":111,"column":32},"end":{"line":111,"column":54}},"35":{"start":{"line":114,"column":12},"end":{"line":118,"column":14}},"36":{"start":{"line":120,"column":12},"end":{"line":120,"column":38}},"37":{"start":{"line":121,"column":12},"end":{"line":121,"column":33}},"38":{"start":{"line":123,"column":12},"end":{"line":127,"column":15}},"39":{"start":{"line":129,"column":12},"end":{"line":129,"column":40}},"40":{"start":{"line":130,"column":12},"end":{"line":130,"column":33}},"41":{"start":{"line":131,"column":12},"end":{"line":131,"column":24}},"42":{"start":{"line":134,"column":8},"end":{"line":134,"column":58}},"43":{"start":{"line":135,"column":8},"end":{"line":135,"column":76}}},"fnMap":{"0":{"name":"(anonymous_0)","decl":{"start":{"line":11,"column":17},"end":{"line":11,"column":18}},"loc":{"start":{"line":11,"column":37},"end":{"line":46,"column":1}},"line":11},"1":{"name":"(anonymous_1)","decl":{"start":{"line":48,"column":29},"end":{"line":48,"column":30}},"loc":{"start":{"line":48,"column":49},"end":{"line":73,"column":1}},"line":48},"2":{"name":"(anonymous_2)","decl":{"start":{"line":75,"column":17},"end":{"line":75,"column":18}},"loc":{"start":{"line":75,"column":37},"end":{"line":137,"column":1}},"line":75}},"branchMap":{"0":{"loc":{"start":{"line":58,"column":8},"end":{"line":60,"column":9}},"type":"if","locations":[{"start":{"line":58,"column":8},"end":{"line":60,"column":9}},{"start":{},"end":{}}],"line":58},"1":{"loc":{"start":{"line":85,"column":8},"end":{"line":87,"column":9}},"type":"if","locations":[{"start":{"line":85,"column":8},"end":{"line":87,"column":9}},{"start":{},"end":{}}],"line":85},"2":{"loc":{"start":{"line":95,"column":8},"end":{"line":97,"column":9}},"type":"if","locations":[{"start":{"line":95,"column":8},"end":{"line":97,"column":9}},{"start":{},"end":{}}],"line":95}},"s":{"0":1,"1":1,"2":0,"3":0,"4":0,"5":0,"6":0,"7":0,"8":0,"9":0,"10":0,"11":1,"12":0,"13":0,"14":0,"15":0,"16":0,"17":0,"18":0,"19":0,"20":0,"21":1,"22":0,"23":0,"24":0,"25":0,"26":0,"27":0,"28":0,"29":0,"30":0,"31":0,"32":0,"33":0,"34":0,"35":0,"36":0,"37":0,"38":0,"39":0,"40":0,"41":0,"42":0,"43":0},"f":{"0":0,"1":0,"2":0},"b":{"0":[0,0],"1":[0,0],"2":[0,0]},"_coverageSchema":"1a1c01bbd47fc00a2c39e90264f33305004495a9","hash":"11225562fea2148892f3a8ae0e53d985c27dcab5"}
,"D:\\documentos\\Desktop\\Román\\Proyectos\\repos-github\\ia-programadores-tp-final-2\\app-de-gestion-de-mascotas\\backend\\src\\controllers\\mascotasController.js": {"path":"D:\\documentos\\Desktop\\Román\\Proyectos\\repos-github\\ia-programadores-tp-final-2\\app-de-gestion-de-mascotas\\backend\\src\\controllers\\mascotasController.js","statementMap":{"0":{"start":{"line":8,"column":11},"end":{"line":8,"column":27}},"1":{"start":{"line":10,"column":0},"end":{"line":18,"column":2}},"2":{"start":{"line":11,"column":4},"end":{"line":17,"column":5}},"3":{"start":{"line":12,"column":23},"end":{"line":12,"column":98}},"4":{"start":{"line":13,"column":8},"end":{"line":13,"column":23}},"5":{"start":{"line":15,"column":8},"end":{"line":15,"column":59}},"6":{"start":{"line":16,"column":8},"end":{"line":16,"column":69}},"7":{"start":{"line":20,"column":0},"end":{"line":32,"column":2}},"8":{"start":{"line":21,"column":53},"end":{"line":21,"column":61}},"9":{"start":{"line":22,"column":4},"end":{"line":31,"column":5}},"10":{"start":{"line":23,"column":8},"end":{"line":26,"column":10}},"11":{"start":{"line":27,"column":8},"end":{"line":27,"column":77}},"12":{"start":{"line":29,"column":8},"end":{"line":29,"column":58}},"13":{"start":{"line":30,"column":8},"end":{"line":30,"column":68}},"14":{"start":{"line":34,"column":0},"end":{"line":43,"column":2}},"15":{"start":{"line":35,"column":19},"end":{"line":35,"column":29}},"16":{"start":{"line":36,"column":4},"end":{"line":42,"column":5}},"17":{"start":{"line":37,"column":8},"end":{"line":37,"column":97}},"18":{"start":{"line":38,"column":8},"end":{"line":38,"column":66}},"19":{"start":{"line":40,"column":8},"end":{"line":40,"column":59}},"20":{"start":{"line":41,"column":8},"end":{"line":41,"column":69}},"21":{"start":{"line":45,"column":0},"end":{"line":61,"column":2}},"22":{"start":{"line":46,"column":19},"end":{"line":46,"column":29}},"23":{"start":{"line":47,"column":53},"end":{"line":47,"column":61}},"24":{"start":{"line":48,"column":4},"end":{"line":60,"column":5}},"25":{"start":{"line":49,"column":25},"end":{"line":52,"column":9}},"26":{"start":{"line":53,"column":8},"end":{"line":55,"column":9}},"27":{"start":{"line":54,"column":12},"end":{"line":54,"column":110}},"28":{"start":{"line":56,"column":8},"end":{"line":56,"column":68}},"29":{"start":{"line":58,"column":8},"end":{"line":58,"column":61}},"30":{"start":{"line":59,"column":8},"end":{"line":59,"column":71}}},"fnMap":{"0":{"name":"(anonymous_0)","decl":{"start":{"line":10,"column":17},"end":{"line":10,"column":18}},"loc":{"start":{"line":10,"column":37},"end":{"line":18,"column":1}},"line":10},"1":{"name":"(anonymous_1)","decl":{"start":{"line":20,"column":17},"end":{"line":20,"column":18}},"loc":{"start":{"line":20,"column":37},"end":{"line":32,"column":1}},"line":20},"2":{"name":"(anonymous_2)","decl":{"start":{"line":34,"column":17},"end":{"line":34,"column":18}},"loc":{"start":{"line":34,"column":37},"end":{"line":43,"column":1}},"line":34},"3":{"name":"(anonymous_3)","decl":{"start":{"line":45,"column":17},"end":{"line":45,"column":18}},"loc":{"start":{"line":45,"column":37},"end":{"line":61,"column":1}},"line":45}},"branchMap":{"0":{"loc":{"start":{"line":53,"column":8},"end":{"line":55,"column":9}},"type":"if","locations":[{"start":{"line":53,"column":8},"end":{"line":55,"column":9}},{"start":{},"end":{}}],"line":53}},"s":{"0":2,"1":2,"2":3,"3":3,"4":2,"5":1,"6":1,"7":2,"8":4,"9":4,"10":4,"11":2,"12":2,"13":2,"14":2,"15":2,"16":2,"17":2,"18":1,"19":1,"20":1,"21":2,"22":3,"23":3,"24":3,"25":3,"26":2,"27":1,"28":1,"29":1,"30":1},"f":{"0":3,"1":4,"2":2,"3":3},"b":{"0":[1,1]},"_coverageSchema":"1a1c01bbd47fc00a2c39e90264f33305004495a9","hash":"7750dc0206dd62937d69c34ad2b1c1e10d7e4f7d"}
,"D:\\documentos\\Desktop\\Román\\Proyectos\\repos-github\\ia-programadores-tp-final-2\\app-de-gestion-de-mascotas\\backend\\src\\controllers\\registrosController.js": {"path":"D:\\documentos\\Desktop\\Román\\Proyectos\\repos-github\\ia-programadores-tp-final-2\\app-de-gestion-de-mascotas\\backend\\src\\controllers\\registrosController.js","statementMap":{"0":{"start":{"line":9,"column":11},"end":{"line":9,"column":27}},"1":{"start":{"line":11,"column":0},"end":{"line":20,"column":2}},"2":{"start":{"line":12,"column":4},"end":{"line":19,"column":5}},"3":{"start":{"line":13,"column":20},"end":{"line":13,"column":75}},"4":{"start":{"line":14,"column":23},"end":{"line":14,"column":56}},"5":{"start":{"line":15,"column":8},"end":{"line":15,"column":23}},"6":{"start":{"line":17,"column":8},"end":{"line":17,"column":60}},"7":{"start":{"line":18,"column":8},"end":{"line":18,"column":70}},"8":{"start":{"line":22,"column":0},"end":{"line":34,"column":2}},"9":{"start":{"line":23,"column":71},"end":{"line":23,"column":79}},"10":{"start":{"line":24,"column":4},"end":{"line":33,"column":5}},"11":{"start":{"line":25,"column":8},"end":{"line":28,"column":10}},"12":{"start":{"line":29,"column":8},"end":{"line":29,"column":84}},"13":{"start":{"line":31,"column":8},"end":{"line":31,"column":57}},"14":{"start":{"line":32,"column":8},"end":{"line":32,"column":69}},"15":{"start":{"line":36,"column":0},"end":{"line":45,"column":2}},"16":{"start":{"line":37,"column":4},"end":{"line":44,"column":5}},"17":{"start":{"line":38,"column":30},"end":{"line":38,"column":40}},"18":{"start":{"line":39,"column":23},"end":{"line":39,"column":108}},"19":{"start":{"line":40,"column":8},"end":{"line":40,"column":50}},"20":{"start":{"line":42,"column":8},"end":{"line":42,"column":29}},"21":{"start":{"line":43,"column":8},"end":{"line":43,"column":72}}},"fnMap":{"0":{"name":"(anonymous_0)","decl":{"start":{"line":11,"column":17},"end":{"line":11,"column":18}},"loc":{"start":{"line":11,"column":37},"end":{"line":20,"column":1}},"line":11},"1":{"name":"(anonymous_1)","decl":{"start":{"line":22,"column":17},"end":{"line":22,"column":18}},"loc":{"start":{"line":22,"column":37},"end":{"line":34,"column":1}},"line":22},"2":{"name":"(anonymous_2)","decl":{"start":{"line":36,"column":29},"end":{"line":36,"column":30}},"loc":{"start":{"line":36,"column":49},"end":{"line":45,"column":1}},"line":36}},"branchMap":{},"s":{"0":1,"1":1,"2":0,"3":0,"4":0,"5":0,"6":0,"7":0,"8":1,"9":0,"10":0,"11":0,"12":0,"13":0,"14":0,"15":1,"16":0,"17":0,"18":0,"19":0,"20":0,"21":0},"f":{"0":0,"1":0,"2":0},"b":{},"_coverageSchema":"1a1c01bbd47fc00a2c39e90264f33305004495a9","hash":"867a99a39bc68784333b75067a3bc41f6c0552da"}
,"D:\\documentos\\Desktop\\Román\\Proyectos\\repos-github\\ia-programadores-tp-final-2\\app-de-gestion-de-mascotas\\backend\\src\\controllers\\turnosController.js": {"path":"D:\\documentos\\Desktop\\Román\\Proyectos\\repos-github\\ia-programadores-tp-final-2\\app-de-gestion-de-mascotas\\backend\\src\\controllers\\turnosController.js","statementMap":{"0":{"start":{"line":8,"column":11},"end":{"line":8,"column":27}},"1":{"start":{"line":10,"column":0},"end":{"line":26,"column":2}},"2":{"start":{"line":11,"column":4},"end":{"line":25,"column":5}},"3":{"start":{"line":13,"column":20},"end":{"line":19,"column":9}},"4":{"start":{"line":20,"column":23},"end":{"line":20,"column":56}},"5":{"start":{"line":21,"column":8},"end":{"line":21,"column":23}},"6":{"start":{"line":23,"column":8},"end":{"line":23,"column":57}},"7":{"start":{"line":24,"column":8},"end":{"line":24,"column":67}},"8":{"start":{"line":28,"column":0},"end":{"line":40,"column":2}},"9":{"start":{"line":29,"column":63},"end":{"line":29,"column":71}},"10":{"start":{"line":30,"column":4},"end":{"line":39,"column":5}},"11":{"start":{"line":31,"column":8},"end":{"line":34,"column":10}},"12":{"start":{"line":35,"column":8},"end":{"line":35,"column":75}},"13":{"start":{"line":37,"column":8},"end":{"line":37,"column":54}},"14":{"start":{"line":38,"column":8},"end":{"line":38,"column":68}}},"fnMap":{"0":{"name":"(anonymous_0)","decl":{"start":{"line":10,"column":17},"end":{"line":10,"column":18}},"loc":{"start":{"line":10,"column":37},"end":{"line":26,"column":1}},"line":10},"1":{"name":"(anonymous_1)","decl":{"start":{"line":28,"column":17},"end":{"line":28,"column":18}},"loc":{"start":{"line":28,"column":37},"end":{"line":40,"column":1}},"line":28}},"branchMap":{},"s":{"0":1,"1":1,"2":0,"3":0,"4":0,"5":0,"6":0,"7":0,"8":1,"9":0,"10":0,"11":0,"12":0,"13":0,"14":0},"f":{"0":0,"1":0},"b":{},"_coverageSchema":"1a1c01bbd47fc00a2c39e90264f33305004495a9","hash":"43c6366c5685cfed9eec4a32bb49a5457a2a60e6"}
,"D:\\documentos\\Desktop\\Román\\Proyectos\\repos-github\\ia-programadores-tp-final-2\\app-de-gestion-de-mascotas\\backend\\src\\middleware\\authMiddleware.js": {"path":"D:\\documentos\\Desktop\\Román\\Proyectos\\repos-github\\ia-programadores-tp-final-2\\app-de-gestion-de-mascotas\\backend\\src\\middleware\\authMiddleware.js","statementMap":{"0":{"start":{"line":1,"column":12},"end":{"line":1,"column":35}},"1":{"start":{"line":15,"column":0},"end":{"line":35,"column":2}},"2":{"start":{"line":17,"column":18},"end":{"line":17,"column":46}},"3":{"start":{"line":19,"column":4},"end":{"line":21,"column":5}},"4":{"start":{"line":20,"column":8},"end":{"line":20,"column":87}},"5":{"start":{"line":24,"column":23},"end":{"line":24,"column":75}},"6":{"start":{"line":27,"column":4},"end":{"line":34,"column":7}},"7":{"start":{"line":28,"column":8},"end":{"line":30,"column":9}},"8":{"start":{"line":29,"column":12},"end":{"line":29,"column":102}},"9":{"start":{"line":32,"column":8},"end":{"line":32,"column":32}},"10":{"start":{"line":33,"column":8},"end":{"line":33,"column":15}}},"fnMap":{"0":{"name":"(anonymous_0)","decl":{"start":{"line":15,"column":17},"end":{"line":15,"column":18}},"loc":{"start":{"line":15,"column":37},"end":{"line":35,"column":1}},"line":15},"1":{"name":"(anonymous_1)","decl":{"start":{"line":27,"column":67},"end":{"line":27,"column":68}},"loc":{"start":{"line":27,"column":85},"end":{"line":34,"column":5}},"line":27}},"branchMap":{"0":{"loc":{"start":{"line":19,"column":4},"end":{"line":21,"column":5}},"type":"if","locations":[{"start":{"line":19,"column":4},"end":{"line":21,"column":5}},{"start":{},"end":{}}],"line":19},"1":{"loc":{"start":{"line":24,"column":23},"end":{"line":24,"column":75}},"type":"cond-expr","locations":[{"start":{"line":24,"column":53},"end":{"line":24,"column":67}},{"start":{"line":24,"column":70},"end":{"line":24,"column":75}}],"line":24},"2":{"loc":{"start":{"line":27,"column":27},"end":{"line":27,"column":65}},"type":"binary-expr","locations":[{"start":{"line":27,"column":27},"end":{"line":27,"column":49}},{"start":{"line":27,"column":53},"end":{"line":27,"column":65}}],"line":27},"3":{"loc":{"start":{"line":28,"column":8},"end":{"line":30,"column":9}},"type":"if","locations":[{"start":{"line":28,"column":8},"end":{"line":30,"column":9}},{"start":{},"end":{}}],"line":28}},"s":{"0":1,"1":1,"2":0,"3":0,"4":0,"5":0,"6":0,"7":0,"8":0,"9":0,"10":0},"f":{"0":0,"1":0},"b":{"0":[0,0],"1":[0,0],"2":[0,0],"3":[0,0]},"_coverageSchema":"1a1c01bbd47fc00a2c39e90264f33305004495a9","hash":"794bacf2c310cafce1ef54736c6842335aa8a341"}
}
